<?xml version="1.0" encoding="UTF-8"?>
<!-- Generated by org.testng.reporters.JUnitReportReporter -->
<testsuite hostname="LAPTOP-AFKR1NE4" failures="0" tests="1" name="TestClasses.SelectCheckBoxTest2" time="0.003" errors="0" timestamp="04 Nov 2018 08:18:57 GMT" skipped="0">
  <testcase classname="TestClasses.SelectCheckBoxTest2" name="f" time="0.003"/>
</testsuite> <!-- TestClasses.SelectCheckBoxTest2 -->
