<?xml version="1.0" encoding="UTF-8"?>
<!-- Generated by org.testng.reporters.JUnitReportReporter -->
<testsuite hostname="LAPTOP-AFKR1NE4" failures="0" tests="1" name="TestClasses.SelectCheckBoxTest" time="35.314" errors="0" timestamp="04 Nov 2018 09:01:08 GMT" skipped="0">
  <testcase classname="TestClasses.SelectCheckBoxTest" name="testForClickOnMyAccount" time="35.314"/>
</testsuite> <!-- TestClasses.SelectCheckBoxTest -->
